<?xml version="1.0" encoding="UTF-8"?>
<robot generator="Robot 6.0.2 (Python 3.10.9 on linux)" generated="20230208 20:28:21.543" rpa="false" schemaversion="3">
<suite id="s1" name="Finnair" source="/home/indairel/PycharmProjects/roboto/Test3/finnair.robot">
<test id="s1-t1" name="Checking flight price from Warsaw to Helsinki" line="11">
<kw name="Start" library="keywords">
<kw name="Set Selenium Speed" library="SeleniumLibrary">
<arg>0.5</arg>
<doc>Sets the delay that is waited after each Selenium command.</doc>
<status status="PASS" starttime="20230208 20:28:21.617" endtime="20230208 20:28:21.617"/>
</kw>
<kw name="Set Screenshot Directory" library="SeleniumLibrary">
<arg>Screenshots</arg>
<doc>Sets the directory for captured screenshots.</doc>
<status status="PASS" starttime="20230208 20:28:21.618" endtime="20230208 20:28:21.618"/>
</kw>
<kw name="Open Browser" library="SeleniumLibrary">
<arg>https://www.finnair.com/fi-fi</arg>
<arg>chrome</arg>
<doc>Opens a new browser instance to the optional ``url``.</doc>
<msg timestamp="20230208 20:28:21.618" level="INFO">Opening browser 'chrome' to base url 'https://www.finnair.com/fi-fi'.</msg>
<status status="PASS" starttime="20230208 20:28:21.618" endtime="20230208 20:28:26.082"/>
</kw>
<status status="PASS" starttime="20230208 20:28:21.617" endtime="20230208 20:28:26.082"/>
</kw>
<kw name="Destination" library="keywords">
<kw name="Click Element" library="SeleniumLibrary">
<arg>${Cookies_Agree}</arg>
<doc>Click the element identified by ``locator``.</doc>
<msg timestamp="20230208 20:28:26.084" level="INFO">Clicking element 'css:#allow-all-btn &gt; div &gt; button &gt; span &gt; span &gt; span'.</msg>
<status status="PASS" starttime="20230208 20:28:26.083" endtime="20230208 20:28:27.232"/>
</kw>
<kw name="Click Element" library="SeleniumLibrary">
<arg>${Destination}</arg>
<doc>Click the element identified by ``locator``.</doc>
<msg timestamp="20230208 20:28:27.233" level="INFO">Clicking element 'css:.bw-destination &gt; .grey-600-text'.</msg>
<status status="PASS" starttime="20230208 20:28:27.232" endtime="20230208 20:28:28.348"/>
</kw>
<kw name="Click Element" library="SeleniumLibrary">
<arg>${Top_one}</arg>
<doc>Click the element identified by ``locator``.</doc>
<msg timestamp="20230208 20:28:28.349" level="INFO">Clicking element 'css:.bw-transparent-border .ts-small'.</msg>
<status status="PASS" starttime="20230208 20:28:28.348" endtime="20230208 20:28:29.467"/>
</kw>
<kw name="Click Element" library="SeleniumLibrary">
<arg>${Departure}</arg>
<doc>Click the element identified by ``locator``.</doc>
<msg timestamp="20230208 20:28:29.468" level="INFO">Clicking element 'css:.bw-departure &gt; .grey-600-text'.</msg>
<status status="PASS" starttime="20230208 20:28:29.467" endtime="20230208 20:28:30.726"/>
</kw>
<kw name="Click Element" library="SeleniumLibrary">
<arg>${Start_date}</arg>
<doc>Click the element identified by ``locator``.</doc>
<msg timestamp="20230208 20:28:30.727" level="INFO">Clicking element 'css:.bw-histogram-item:nth-child(7) &gt; .bw-date'.</msg>
<status status="PASS" starttime="20230208 20:28:30.726" endtime="20230208 20:28:31.834"/>
</kw>
<kw name="Click Element" library="SeleniumLibrary">
<arg>${Date}</arg>
<doc>Click the element identified by ``locator``.</doc>
<msg timestamp="20230208 20:28:31.836" level="INFO">Clicking element 'css:.bw-month.nth-child(8) .bw-calendarBlock:nth-child(20) .flex-nogrow:nth-child(1)'.</msg>
<msg timestamp="20230208 20:28:32.542" level="INFO" html="true">&lt;/td&gt;&lt;/tr&gt;&lt;tr&gt;&lt;td colspan="3"&gt;&lt;a href="Screenshots/selenium-screenshot-5.png"&gt;&lt;img src="Screenshots/selenium-screenshot-5.png" width="800px"&gt;&lt;/a&gt;</msg>
<msg timestamp="20230208 20:28:32.542" level="FAIL">InvalidSelectorException: Message: invalid selector: An invalid or illegal selector was specified
  (Session info: chrome=109.0.5414.119)
Stacktrace:
#0 0x563a2feaec34 &lt;unknown&gt;
#1 0x563a2fc7a8a6 &lt;unknown&gt;
#2 0x563a2fc7ec52 &lt;unknown&gt;
#3 0x563a2fc7ea58 &lt;unknown&gt;
#4 0x563a2fc7ee09 &lt;unknown&gt;
#5 0x563a2fcbad09 &lt;unknown&gt;
#6 0x563a2fcbb581 &lt;unknown&gt;
#7 0x563a2fcfb3a2 &lt;unknown&gt;
#8 0x563a2fcdeb1d &lt;unknown&gt;
#9 0x563a2fcf88ec &lt;unknown&gt;
#10 0x563a2fcde893 &lt;unknown&gt;
#11 0x563a2fcac0a4 &lt;unknown&gt;
#12 0x563a2fcad783 &lt;unknown&gt;
#13 0x563a2fefbab0 &lt;unknown&gt;
#14 0x563a2feff5cc &lt;unknown&gt;
#15 0x563a2fee383e &lt;unknown&gt;
#16 0x563a2ff00623 &lt;unknown&gt;
#17 0x563a2fed7348 &lt;unknown&gt;
#18 0x563a2ff1f247 &lt;unknown&gt;
#19 0x563a2ff1f412 &lt;unknown&gt;
#20 0x563a2ff3a679 &lt;unknown&gt;
#21 0x7f98feb868fd &lt;unknown&gt;
</msg>
<status status="FAIL" starttime="20230208 20:28:31.834" endtime="20230208 20:28:32.543"/>
</kw>
<kw name="Click Element" library="SeleniumLibrary">
<arg>${End_date}</arg>
<doc>Click the element identified by ``locator``.</doc>
<status status="NOT RUN" starttime="20230208 20:28:32.543" endtime="20230208 20:28:32.543"/>
</kw>
<status status="FAIL" starttime="20230208 20:28:26.083" endtime="20230208 20:28:32.543"/>
</kw>
<tag>positive</tag>
<status status="FAIL" starttime="20230208 20:28:21.617" endtime="20230208 20:28:32.543">InvalidSelectorException: Message: invalid selector: An invalid or illegal selector was specified
  (Session info: chrome=109.0.5414.119)
Stacktrace:
#0 0x563a2feaec34 &lt;unknown&gt;
#1 0x563a2fc7a8a6 &lt;unknown&gt;
#2 0x563a2fc7ec52 &lt;unknown&gt;
#3 0x563a2fc7ea58 &lt;unknown&gt;
#4 0x563a2fc7ee09 &lt;unknown&gt;
#5 0x563a2fcbad09 &lt;unknown&gt;
#6 0x563a2fcbb581 &lt;unknown&gt;
#7 0x563a2fcfb3a2 &lt;unknown&gt;
#8 0x563a2fcdeb1d &lt;unknown&gt;
#9 0x563a2fcf88ec &lt;unknown&gt;
#10 0x563a2fcde893 &lt;unknown&gt;
#11 0x563a2fcac0a4 &lt;unknown&gt;
#12 0x563a2fcad783 &lt;unknown&gt;
#13 0x563a2fefbab0 &lt;unknown&gt;
#14 0x563a2feff5cc &lt;unknown&gt;
#15 0x563a2fee383e &lt;unknown&gt;
#16 0x563a2ff00623 &lt;unknown&gt;
#17 0x563a2fed7348 &lt;unknown&gt;
#18 0x563a2ff1f247 &lt;unknown&gt;
#19 0x563a2ff1f412 &lt;unknown&gt;
#20 0x563a2ff3a679 &lt;unknown&gt;
#21 0x7f98feb868fd &lt;unknown&gt;
</status>
</test>
<doc>A test suite for valid login.

Keywords are imported from the resource file</doc>
<status status="FAIL" starttime="20230208 20:28:21.544" endtime="20230208 20:28:32.543"/>
</suite>
<statistics>
<total>
<stat pass="0" fail="1" skip="0">All Tests</stat>
</total>
<tag>
<stat pass="0" fail="1" skip="0">positive</stat>
</tag>
<suite>
<stat pass="0" fail="1" skip="0" id="s1" name="Finnair">Finnair</stat>
</suite>
</statistics>
<errors>
</errors>
</robot>
